<?xml version="1.0" encoding="UTF-8"?>
<!-- Generated by org.testng.reporters.JUnitXMLReporter -->
<testsuite hostname="ADMIN-PC" ignored="0" name="Default test(failed)" tests="1" failures="0" timestamp="2020-05-10T11:08:03 IST" time="0.123" errors="0">
  <testcase name="@BeforeClass setUp" time="-1.589089083614E9" classname="com.qa.ConfigPage.TestBase">
    <failure type="org.testng.TestNGException" message="
Parameter &amp;apos;browser&amp;apos; is required by BeforeClass on method setUp but has not been marked @Optional or defined
in E:\Java_Projrams\Selenium_Programs\Project_Secon_Anna_Universioty\test-output\testng-failed.xml">
      <![CDATA[org.testng.TestNGException: 
Parameter 'browser' is required by BeforeClass on method setUp but has not been marked @Optional or defined
in E:\Java_Projrams\Selenium_Programs\Project_Secon_Anna_Universioty\test-output\testng-failed.xml
at java.util.ArrayList.forEach(ArrayList.java:1257)
... Removed 22 stack frames]]>
    </failure>
  </testcase> <!-- @BeforeClass setUp -->
  <testcase name="@AfterClass tearDown" time="-1.589089083694E9" classname="com.qa.ConfigPage.TestBase">
    <skipped/>
  </testcase> <!-- @AfterClass tearDown -->
  <testcase name="loginTest" time="0.0" classname="com.qa.testclass.TC_LoginTest">
    <skipped/>
  </testcase> <!-- loginTest -->
</testsuite> <!-- Default test(failed) -->
