<?xml version="1.0" encoding="UTF-8"?>
<!-- Generated by org.testng.reporters.JUnitXMLReporter -->
<testsuite hostname="ADMIN-PC" ignored="0" name="Banking Application Test(failed)" tests="3" failures="2" timestamp="2020-05-10T17:09:15 IST" time="71.838" errors="0">
  <testcase name="multiLogin" time="7.892" classname="com.qa.testclass.TC_Login_Multipul">
    <failure type="java.lang.AssertionError" message="did not expect to find [true] but found [false]">
      <![CDATA[java.lang.AssertionError: did not expect to find [true] but found [false]
at com.qa.testclass.TC_Login_Multipul.multiLogin(TC_Login_Multipul.java:33)
at java.util.ArrayList.forEach(ArrayList.java:1257)
... Removed 31 stack frames]]>
    </failure>
  </testcase> <!-- multiLogin -->
  <testcase name="multiLogin" time="13.311" classname="com.qa.testclass.TC_Login_Multipul"/>
  <testcase name="multiLogin" time="4.605" classname="com.qa.testclass.TC_Login_Multipul">
    <failure type="java.lang.AssertionError" message="did not expect to find [true] but found [false]">
      <![CDATA[java.lang.AssertionError: did not expect to find [true] but found [false]
at com.qa.testclass.TC_Login_Multipul.multiLogin(TC_Login_Multipul.java:33)
at java.util.ArrayList.forEach(ArrayList.java:1257)
... Removed 31 stack frames]]>
    </failure>
  </testcase> <!-- multiLogin -->
</testsuite> <!-- Banking Application Test(failed) -->
